2014/02/28 21:51:56 [error] [exception.CHttpException.404] exception 'CHttpException' with message 'The system is unable to find the requested action "user".' in /home/p224979/www/ultalk.ru/framework/web/CController.php:483
Stack trace:
#0 /home/p224979/www/ultalk.ru/framework/web/CController.php(270): CController->missingAction('user')
#1 /home/p224979/www/ultalk.ru/framework/web/CWebApplication.php(282): CController->run('user')
#2 /home/p224979/www/ultalk.ru/framework/web/CWebApplication.php(141): CWebApplication->runController('site/user')
#3 /home/p224979/www/ultalk.ru/framework/base/CApplication.php(180): CWebApplication->processRequest()
#4 /home/p224979/www/ultalk.ru/index.php(13): CApplication->run()
#5 {main}
REQUEST_URI=/index.php?r=site/user
---
2014/02/28 21:54:11 [error] [exception.CHttpException.404] exception 'CHttpException' with message 'The system is unable to find the requested action "page".' in /home/p224979/www/ultalk.ru/framework/web/CController.php:483
Stack trace:
#0 /home/p224979/www/ultalk.ru/framework/web/CController.php(270): CController->missingAction('page')
#1 /home/p224979/www/ultalk.ru/framework/web/CWebApplication.php(282): CController->run('page')
#2 /home/p224979/www/ultalk.ru/framework/web/CWebApplication.php(141): CWebApplication->runController('User/page')
#3 /home/p224979/www/ultalk.ru/framework/base/CApplication.php(180): CWebApplication->processRequest()
#4 /home/p224979/www/ultalk.ru/index.php(13): CApplication->run()
#5 {main}
REQUEST_URI=/index.php?r=User/page&view=about
---
